Using pre-set license
Built from '2020.3/staging' branch; Version is '2020.3.22f1 (e1a7f79fd887) revision 14788599'; Using compiler version '192528614'; Build Type 'Release'
OS: 'Windows 10 Pro; OS build 19042.1415; Version 2009; 64bit' Language: 'el' Physical Memory: 16335 MB
BatchMode: 1, IsHumanControllingUs: 0, StartBugReporterOnCrash: 0, Is64bit: 1, IsPro: 0

COMMAND LINE ARGUMENTS:
C:\Program Files\Unity\Hub\Editor\2020.3.22f1\Editor\Unity.exe
-adb2
-batchMode
-noUpm
-name
AssetImportWorker0
-projectPath
C:/Users/Alex/Downloads/endless 2d ol-20211230T201301Z-001/endless 2d ol
-logFile
Logs/AssetImportWorker0.log
-srvPort
50863
Successfully changed project path to: C:/Users/Alex/Downloads/endless 2d ol-20211230T201301Z-001/endless 2d ol
C:/Users/Alex/Downloads/endless 2d ol-20211230T201301Z-001/endless 2d ol
Using Asset Import Pipeline V2.
Refreshing native plugins compatible for Editor in 46.63 ms, found 2 plugins.
Preloading 0 native plugins for Editor in 0.00 ms.
Initialize engine version: 2020.3.22f1 (e1a7f79fd887)
[Subsystems] Discovering subsystems at path C:/Program Files/Unity/Hub/Editor/2020.3.22f1/Editor/Data/Resources/UnitySubsystems
[Subsystems] Discovering subsystems at path C:/Users/Alex/Downloads/endless 2d ol-20211230T201301Z-001/endless 2d ol/Assets
GfxDevice: creating device client; threaded=0
Direct3D:
    Version:  Direct3D 11.0 [level 11.1]
    Renderer: Radeon RX 590 Series (ID=0x67df)
    Vendor:   
    VRAM:     8171 MB
    Driver:   27.20.14501.28009
Initialize mono
Mono path[0] = 'C:/Program Files/Unity/Hub/Editor/2020.3.22f1/Editor/Data/Managed'
Mono path[1] = 'C:/Program Files/Unity/Hub/Editor/2020.3.22f1/Editor/Data/MonoBleedingEdge/lib/mono/unityjit'
Mono config path = 'C:/Program Files/Unity/Hub/Editor/2020.3.22f1/Editor/Data/MonoBleedingEdge/etc'
Using monoOptions --debugger-agent=transport=dt_socket,embedding=1,server=y,suspend=n,address=127.0.0.1:56576
Begin MonoManager ReloadAssembly
Registering precompiled unity dll's ...
Register platform support module: C:/Program Files/Unity/Hub/Editor/2020.3.22f1/Editor/Data/PlaybackEngines/WindowsStandaloneSupport/UnityEditor.WindowsStandalone.Extensions.dll
Registered in 0.002387 seconds.
Native extension for WindowsStandalone target not found
Refreshing native plugins compatible for Editor in 41.01 ms, found 2 plugins.
Preloading 0 native plugins for Editor in 0.00 ms.
Mono: successfully reloaded assembly
- Completed reload, in  1.237 seconds
Domain Reload Profiling:
	ReloadAssembly (1237ms)
		BeginReloadAssembly (63ms)
			ExecutionOrderSort (0ms)
			DisableScriptedObjects (0ms)
			BackupInstance (0ms)
			ReleaseScriptingObjects (0ms)
			CreateAndSetChildDomain (1ms)
		EndReloadAssembly (502ms)
			LoadAssemblies (60ms)
			RebuildTransferFunctionScriptingTraits (0ms)
			SetupTypeCache (181ms)
			ReleaseScriptCaches (0ms)
			RebuildScriptCaches (31ms)
			SetupLoadedEditorAssemblies (181ms)
				LogAssemblyErrors (0ms)
				InitializePlatformSupportModulesInManaged (4ms)
				SetLoadedEditorAssemblies (0ms)
				RefreshPlugins (41ms)
				BeforeProcessingInitializeOnLoad (10ms)
				ProcessInitializeOnLoadAttributes (92ms)
				ProcessInitializeOnLoadMethodAttributes (33ms)
				AfterProcessingInitializeOnLoad (0ms)
				EditorAssembliesLoaded (0ms)
			ExecutionOrderSort2 (0ms)
			AwakeInstancesAfterBackupRestoration (0ms)
Platform modules already initialized, skipping
Registering precompiled user dll's ...
Registered in 0.005800 seconds.
Begin MonoManager ReloadAssembly
Native extension for WindowsStandalone target not found
Refreshing native plugins compatible for Editor in 0.41 ms, found 2 plugins.
Preloading 0 native plugins for Editor in 0.00 ms.
Mono: successfully reloaded assembly
- Completed reload, in  1.114 seconds
Domain Reload Profiling:
	ReloadAssembly (1115ms)
		BeginReloadAssembly (163ms)
			ExecutionOrderSort (0ms)
			DisableScriptedObjects (5ms)
			BackupInstance (0ms)
			ReleaseScriptingObjects (0ms)
			CreateAndSetChildDomain (19ms)
		EndReloadAssembly (875ms)
			LoadAssemblies (95ms)
			RebuildTransferFunctionScriptingTraits (0ms)
			SetupTypeCache (301ms)
			ReleaseScriptCaches (0ms)
			RebuildScriptCaches (46ms)
			SetupLoadedEditorAssemblies (328ms)
				LogAssemblyErrors (0ms)
				InitializePlatformSupportModulesInManaged (5ms)
				SetLoadedEditorAssemblies (0ms)
				RefreshPlugins (0ms)
				BeforeProcessingInitializeOnLoad (62ms)
				ProcessInitializeOnLoadAttributes (237ms)
				ProcessInitializeOnLoadMethodAttributes (14ms)
				AfterProcessingInitializeOnLoad (9ms)
				EditorAssembliesLoaded (0ms)
			ExecutionOrderSort2 (0ms)
			AwakeInstancesAfterBackupRestoration (7ms)
Platform modules already initialized, skipping
========================================================================
Worker process is ready to serve import requests
Launched and connected shader compiler UnityShaderCompiler.exe after 0.05 seconds
Refreshing native plugins compatible for Editor in 0.40 ms, found 2 plugins.
Preloading 0 native plugins for Editor in 0.00 ms.
Unloading 1564 Unused Serialized files (Serialized files now loaded: 0)
System memory in use before: 95.2 MB.
System memory in use after: 95.3 MB.

Unloading 18 unused Assets to reduce memory usage. Loaded Objects now: 2035.
Total: 2.978500 ms (FindLiveObjects: 0.154000 ms CreateObjectMapping: 0.038500 ms MarkObjects: 2.766000 ms  DeleteObjects: 0.019000 ms)

AssetImportParameters requested are different than current active one (requested -> active):
  custom:framework-win-MediaFoundation: 216162199b28c13a410421893ffa2e32 -> 
  custom:video-decoder-ogg-theora: a1e56fd34408186e4bbccfd4996cb3dc -> 
  custom:container-muxer-webm: aa71ff27fc2769a1b78a27578f13a17b -> 
  custom:container-demuxer-webm: 4f35f7cbe854078d1ac9338744f61a02 -> 
  custom:container-demuxer-ogg: 62fdf1f143b41e24485cea50d1cbac27 -> 
  custom:video-encoder-webm-vp8: eb34c28f22e8b96e1ab97ce403110664 -> 
  custom:video-decoder-webm-vp8: 9c59270c3fd7afecdb556c50c9e8de78 -> 
  custom:audio-decoder-ogg-vorbis: bf7c407c2cedff20999df2af8eb42d56 -> 
  custom:audio-encoder-webm-vorbis: bf7c407c2cedff20999df2af8eb42d56 -> 
========================================================================
Received Import Request.
  path: Assets/RandFabs/FreeSounds/2019-05-09_-_Escape_Chase_-_David_Fesliyan.mp3
  artifactKey: Guid(a9d19c6c5d6c112409f92793ec69ca6a) Importer(815301076,1909f56bfc062723c751e8b465ee728b)
Start importing Assets/RandFabs/FreeSounds/2019-05-09_-_Escape_Chase_-_David_Fesliyan.mp3 using Guid(a9d19c6c5d6c112409f92793ec69ca6a) Importer(815301076,1909f56bfc062723c751e8b465ee728b)  -> (artifact id: 'b0503cb744e1a6da69e3201da2de997b') in 0.102776 seconds 
  Import took 0.105474 seconds .

========================================================================
Received Import Request.
  Time since last request: 211.751258 seconds.
  path: Assets/Scripts/BallConrol2.cs
  artifactKey: Guid(f2a1af20668221b4ea4da4e75b360da8) Importer(815301076,1909f56bfc062723c751e8b465ee728b)
Start importing Assets/Scripts/BallConrol2.cs using Guid(f2a1af20668221b4ea4da4e75b360da8) Importer(815301076,1909f56bfc062723c751e8b465ee728b)  -> (artifact id: '75d5cf9c9d2f13b5e5d38b587319c60c') in 0.010802 seconds 
  Import took 0.013354 seconds .

========================================================================
Received Prepare
Registering precompiled user dll's ...
Registered in 0.005238 seconds.
Begin MonoManager ReloadAssembly
Native extension for WindowsStandalone target not found
Refreshing native plugins compatible for Editor in 0.60 ms, found 2 plugins.
Preloading 0 native plugins for Editor in 0.00 ms.
Mono: successfully reloaded assembly
- Completed reload, in  1.051 seconds
Domain Reload Profiling:
	ReloadAssembly (1051ms)
		BeginReloadAssembly (119ms)
			ExecutionOrderSort (0ms)
			DisableScriptedObjects (5ms)
			BackupInstance (0ms)
			ReleaseScriptingObjects (0ms)
			CreateAndSetChildDomain (31ms)
		EndReloadAssembly (855ms)
			LoadAssemblies (95ms)
			RebuildTransferFunctionScriptingTraits (0ms)
			SetupTypeCache (305ms)
			ReleaseScriptCaches (1ms)
			RebuildScriptCaches (42ms)
			SetupLoadedEditorAssemblies (299ms)
				LogAssemblyErrors (0ms)
				InitializePlatformSupportModulesInManaged (6ms)
				SetLoadedEditorAssemblies (1ms)
				RefreshPlugins (1ms)
				BeforeProcessingInitializeOnLoad (60ms)
				ProcessInitializeOnLoadAttributes (214ms)
				ProcessInitializeOnLoadMethodAttributes (9ms)
				AfterProcessingInitializeOnLoad (9ms)
				EditorAssembliesLoaded (0ms)
			ExecutionOrderSort2 (0ms)
			AwakeInstancesAfterBackupRestoration (7ms)
Platform modules already initialized, skipping
Refreshing native plugins compatible for Editor in 0.41 ms, found 2 plugins.
Preloading 0 native plugins for Editor in 0.00 ms.
Unloading 1545 Unused Serialized files (Serialized files now loaded: 0)
System memory in use before: 96.9 MB.
System memory in use after: 97.0 MB.

Unloading 14 unused Assets to reduce memory usage. Loaded Objects now: 2046.
Total: 3.106500 ms (FindLiveObjects: 0.194800 ms CreateObjectMapping: 0.045400 ms MarkObjects: 2.848600 ms  DeleteObjects: 0.016500 ms)

AssetImportParameters requested are different than current active one (requested -> active):
  custom:framework-win-MediaFoundation: 216162199b28c13a410421893ffa2e32 -> 
  custom:video-decoder-ogg-theora: a1e56fd34408186e4bbccfd4996cb3dc -> 
  custom:container-muxer-webm: aa71ff27fc2769a1b78a27578f13a17b -> 
  custom:container-demuxer-webm: 4f35f7cbe854078d1ac9338744f61a02 -> 
  custom:container-demuxer-ogg: 62fdf1f143b41e24485cea50d1cbac27 -> 
  custom:video-encoder-webm-vp8: eb34c28f22e8b96e1ab97ce403110664 -> 
  custom:video-decoder-webm-vp8: 9c59270c3fd7afecdb556c50c9e8de78 -> 
  custom:audio-decoder-ogg-vorbis: bf7c407c2cedff20999df2af8eb42d56 -> 
  custom:audio-encoder-webm-vorbis: bf7c407c2cedff20999df2af8eb42d56 -> 
========================================================================
Received Prepare
Registering precompiled user dll's ...
Registered in 0.005266 seconds.
Begin MonoManager ReloadAssembly
Native extension for WindowsStandalone target not found
Refreshing native plugins compatible for Editor in 0.40 ms, found 2 plugins.
Preloading 0 native plugins for Editor in 0.00 ms.
Mono: successfully reloaded assembly
- Completed reload, in  1.039 seconds
Domain Reload Profiling:
	ReloadAssembly (1039ms)
		BeginReloadAssembly (119ms)
			ExecutionOrderSort (0ms)
			DisableScriptedObjects (5ms)
			BackupInstance (0ms)
			ReleaseScriptingObjects (0ms)
			CreateAndSetChildDomain (34ms)
		EndReloadAssembly (842ms)
			LoadAssemblies (92ms)
			RebuildTransferFunctionScriptingTraits (0ms)
			SetupTypeCache (311ms)
			ReleaseScriptCaches (1ms)
			RebuildScriptCaches (40ms)
			SetupLoadedEditorAssemblies (294ms)
				LogAssemblyErrors (0ms)
				InitializePlatformSupportModulesInManaged (5ms)
				SetLoadedEditorAssemblies (0ms)
				RefreshPlugins (0ms)
				BeforeProcessingInitializeOnLoad (57ms)
				ProcessInitializeOnLoadAttributes (212ms)
				ProcessInitializeOnLoadMethodAttributes (9ms)
				AfterProcessingInitializeOnLoad (9ms)
				EditorAssembliesLoaded (0ms)
			ExecutionOrderSort2 (0ms)
			AwakeInstancesAfterBackupRestoration (7ms)
Platform modules already initialized, skipping
Refreshing native plugins compatible for Editor in 0.44 ms, found 2 plugins.
Preloading 0 native plugins for Editor in 0.00 ms.
Unloading 1545 Unused Serialized files (Serialized files now loaded: 0)
System memory in use before: 97.0 MB.
System memory in use after: 97.1 MB.

Unloading 14 unused Assets to reduce memory usage. Loaded Objects now: 2048.
Total: 2.935400 ms (FindLiveObjects: 0.158700 ms CreateObjectMapping: 0.036900 ms MarkObjects: 2.723800 ms  DeleteObjects: 0.015300 ms)

AssetImportParameters requested are different than current active one (requested -> active):
  custom:framework-win-MediaFoundation: 216162199b28c13a410421893ffa2e32 -> 
  custom:video-decoder-ogg-theora: a1e56fd34408186e4bbccfd4996cb3dc -> 
  custom:container-muxer-webm: aa71ff27fc2769a1b78a27578f13a17b -> 
  custom:container-demuxer-webm: 4f35f7cbe854078d1ac9338744f61a02 -> 
  custom:container-demuxer-ogg: 62fdf1f143b41e24485cea50d1cbac27 -> 
  custom:video-encoder-webm-vp8: eb34c28f22e8b96e1ab97ce403110664 -> 
  custom:video-decoder-webm-vp8: 9c59270c3fd7afecdb556c50c9e8de78 -> 
  custom:audio-decoder-ogg-vorbis: bf7c407c2cedff20999df2af8eb42d56 -> 
  custom:audio-encoder-webm-vorbis: bf7c407c2cedff20999df2af8eb42d56 -> 
========================================================================
Received Prepare
Registering precompiled user dll's ...
Registered in 0.005518 seconds.
Begin MonoManager ReloadAssembly
Native extension for WindowsStandalone target not found
Refreshing native plugins compatible for Editor in 0.60 ms, found 2 plugins.
Preloading 0 native plugins for Editor in 0.00 ms.
Mono: successfully reloaded assembly
- Completed reload, in  1.060 seconds
Domain Reload Profiling:
	ReloadAssembly (1061ms)
		BeginReloadAssembly (120ms)
			ExecutionOrderSort (0ms)
			DisableScriptedObjects (5ms)
			BackupInstance (0ms)
			ReleaseScriptingObjects (0ms)
			CreateAndSetChildDomain (32ms)
		EndReloadAssembly (860ms)
			LoadAssemblies (99ms)
			RebuildTransferFunctionScriptingTraits (0ms)
			SetupTypeCache (318ms)
			ReleaseScriptCaches (1ms)
			RebuildScriptCaches (39ms)
			SetupLoadedEditorAssemblies (297ms)
				LogAssemblyErrors (0ms)
				InitializePlatformSupportModulesInManaged (6ms)
				SetLoadedEditorAssemblies (1ms)
				RefreshPlugins (1ms)
				BeforeProcessingInitializeOnLoad (60ms)
				ProcessInitializeOnLoadAttributes (211ms)
				ProcessInitializeOnLoadMethodAttributes (10ms)
				AfterProcessingInitializeOnLoad (9ms)
				EditorAssembliesLoaded (0ms)
			ExecutionOrderSort2 (0ms)
			AwakeInstancesAfterBackupRestoration (7ms)
Platform modules already initialized, skipping
Refreshing native plugins compatible for Editor in 0.41 ms, found 2 plugins.
Preloading 0 native plugins for Editor in 0.00 ms.
Unloading 1545 Unused Serialized files (Serialized files now loaded: 0)
System memory in use before: 97.0 MB.
System memory in use after: 97.1 MB.

Unloading 14 unused Assets to reduce memory usage. Loaded Objects now: 2050.
Total: 2.906500 ms (FindLiveObjects: 0.159100 ms CreateObjectMapping: 0.036900 ms MarkObjects: 2.693900 ms  DeleteObjects: 0.015700 ms)

AssetImportParameters requested are different than current active one (requested -> active):
  custom:framework-win-MediaFoundation: 216162199b28c13a410421893ffa2e32 -> 
  custom:video-decoder-ogg-theora: a1e56fd34408186e4bbccfd4996cb3dc -> 
  custom:container-muxer-webm: aa71ff27fc2769a1b78a27578f13a17b -> 
  custom:container-demuxer-webm: 4f35f7cbe854078d1ac9338744f61a02 -> 
  custom:container-demuxer-ogg: 62fdf1f143b41e24485cea50d1cbac27 -> 
  custom:video-encoder-webm-vp8: eb34c28f22e8b96e1ab97ce403110664 -> 
  custom:video-decoder-webm-vp8: 9c59270c3fd7afecdb556c50c9e8de78 -> 
  custom:audio-decoder-ogg-vorbis: bf7c407c2cedff20999df2af8eb42d56 -> 
  custom:audio-encoder-webm-vorbis: bf7c407c2cedff20999df2af8eb42d56 -> 
========================================================================
Received Prepare
Registering precompiled user dll's ...
Registered in 0.006024 seconds.
Begin MonoManager ReloadAssembly
Native extension for WindowsStandalone target not found
Refreshing native plugins compatible for Editor in 0.41 ms, found 2 plugins.
Preloading 0 native plugins for Editor in 0.00 ms.
Mono: successfully reloaded assembly
- Completed reload, in  1.048 seconds
Domain Reload Profiling:
	ReloadAssembly (1049ms)
		BeginReloadAssembly (125ms)
			ExecutionOrderSort (0ms)
			DisableScriptedObjects (5ms)
			BackupInstance (0ms)
			ReleaseScriptingObjects (0ms)
			CreateAndSetChildDomain (32ms)
		EndReloadAssembly (852ms)
			LoadAssemblies (96ms)
			RebuildTransferFunctionScriptingTraits (0ms)
			SetupTypeCache (304ms)
			ReleaseScriptCaches (1ms)
			RebuildScriptCaches (43ms)
			SetupLoadedEditorAssemblies (298ms)
				LogAssemblyErrors (0ms)
				InitializePlatformSupportModulesInManaged (5ms)
				SetLoadedEditorAssemblies (0ms)
				RefreshPlugins (0ms)
				BeforeProcessingInitializeOnLoad (59ms)
				ProcessInitializeOnLoadAttributes (214ms)
				ProcessInitializeOnLoadMethodAttributes (9ms)
				AfterProcessingInitializeOnLoad (9ms)
				EditorAssembliesLoaded (0ms)
			ExecutionOrderSort2 (0ms)
			AwakeInstancesAfterBackupRestoration (7ms)
Platform modules already initialized, skipping
Refreshing native plugins compatible for Editor in 0.41 ms, found 2 plugins.
Preloading 0 native plugins for Editor in 0.00 ms.
Unloading 1545 Unused Serialized files (Serialized files now loaded: 0)
System memory in use before: 97.0 MB.
System memory in use after: 97.1 MB.

Unloading 14 unused Assets to reduce memory usage. Loaded Objects now: 2052.
Total: 2.947700 ms (FindLiveObjects: 0.162100 ms CreateObjectMapping: 0.037700 ms MarkObjects: 2.730800 ms  DeleteObjects: 0.016100 ms)

AssetImportParameters requested are different than current active one (requested -> active):
  custom:framework-win-MediaFoundation: 216162199b28c13a410421893ffa2e32 -> 
  custom:video-decoder-ogg-theora: a1e56fd34408186e4bbccfd4996cb3dc -> 
  custom:container-muxer-webm: aa71ff27fc2769a1b78a27578f13a17b -> 
  custom:container-demuxer-webm: 4f35f7cbe854078d1ac9338744f61a02 -> 
  custom:container-demuxer-ogg: 62fdf1f143b41e24485cea50d1cbac27 -> 
  custom:video-encoder-webm-vp8: eb34c28f22e8b96e1ab97ce403110664 -> 
  custom:video-decoder-webm-vp8: 9c59270c3fd7afecdb556c50c9e8de78 -> 
  custom:audio-decoder-ogg-vorbis: bf7c407c2cedff20999df2af8eb42d56 -> 
  custom:audio-encoder-webm-vorbis: bf7c407c2cedff20999df2af8eb42d56 -> 
========================================================================
Received Prepare
Registering precompiled user dll's ...
Registered in 0.005614 seconds.
Begin MonoManager ReloadAssembly
Native extension for WindowsStandalone target not found
Refreshing native plugins compatible for Editor in 0.41 ms, found 2 plugins.
Preloading 0 native plugins for Editor in 0.00 ms.
Mono: successfully reloaded assembly
- Completed reload, in  1.060 seconds
Domain Reload Profiling:
	ReloadAssembly (1060ms)
		BeginReloadAssembly (120ms)
			ExecutionOrderSort (0ms)
			DisableScriptedObjects (5ms)
			BackupInstance (0ms)
			ReleaseScriptingObjects (0ms)
			CreateAndSetChildDomain (32ms)
		EndReloadAssembly (865ms)
			LoadAssemblies (95ms)
			RebuildTransferFunctionScriptingTraits (0ms)
			SetupTypeCache (307ms)
			ReleaseScriptCaches (1ms)
			RebuildScriptCaches (41ms)
			SetupLoadedEditorAssemblies (309ms)
				LogAssemblyErrors (0ms)
				InitializePlatformSupportModulesInManaged (6ms)
				SetLoadedEditorAssemblies (0ms)
				RefreshPlugins (0ms)
				BeforeProcessingInitializeOnLoad (61ms)
				ProcessInitializeOnLoadAttributes (222ms)
				ProcessInitializeOnLoadMethodAttributes (10ms)
				AfterProcessingInitializeOnLoad (10ms)
				EditorAssembliesLoaded (0ms)
			ExecutionOrderSort2 (0ms)
			AwakeInstancesAfterBackupRestoration (8ms)
Platform modules already initialized, skipping
Refreshing native plugins compatible for Editor in 0.40 ms, found 2 plugins.
Preloading 0 native plugins for Editor in 0.00 ms.
Unloading 1545 Unused Serialized files (Serialized files now loaded: 0)
System memory in use before: 97.0 MB.
System memory in use after: 97.1 MB.

Unloading 14 unused Assets to reduce memory usage. Loaded Objects now: 2054.
Total: 2.954800 ms (FindLiveObjects: 0.152900 ms CreateObjectMapping: 0.038400 ms MarkObjects: 2.747200 ms  DeleteObjects: 0.014900 ms)

AssetImportParameters requested are different than current active one (requested -> active):
  custom:framework-win-MediaFoundation: 216162199b28c13a410421893ffa2e32 -> 
  custom:video-decoder-ogg-theora: a1e56fd34408186e4bbccfd4996cb3dc -> 
  custom:container-muxer-webm: aa71ff27fc2769a1b78a27578f13a17b -> 
  custom:container-demuxer-webm: 4f35f7cbe854078d1ac9338744f61a02 -> 
  custom:container-demuxer-ogg: 62fdf1f143b41e24485cea50d1cbac27 -> 
  custom:video-encoder-webm-vp8: eb34c28f22e8b96e1ab97ce403110664 -> 
  custom:video-decoder-webm-vp8: 9c59270c3fd7afecdb556c50c9e8de78 -> 
  custom:audio-decoder-ogg-vorbis: bf7c407c2cedff20999df2af8eb42d56 -> 
  custom:audio-encoder-webm-vorbis: bf7c407c2cedff20999df2af8eb42d56 -> 
========================================================================
Received Import Request.
  Time since last request: 254.616948 seconds.
  path: Assets/RandFabs/Set3.prefab
  artifactKey: Guid(ad6febcd2ccf4da46894142c1be534cf) Importer(815301076,1909f56bfc062723c751e8b465ee728b)
Start importing Assets/RandFabs/Set3.prefab using Guid(ad6febcd2ccf4da46894142c1be534cf) Importer(815301076,1909f56bfc062723c751e8b465ee728b)  -> (artifact id: '98b537dfe7fbecc06d01367ab28b2d7a') in 0.222801 seconds 
  Import took 0.249603 seconds .

========================================================================
Received Import Request.
  Time since last request: 0.000229 seconds.
  path: Assets/RandFabs/Set10.prefab
  artifactKey: Guid(3111722751b1fc846888a18008c40d4b) Importer(815301076,1909f56bfc062723c751e8b465ee728b)
Start importing Assets/RandFabs/Set10.prefab using Guid(3111722751b1fc846888a18008c40d4b) Importer(815301076,1909f56bfc062723c751e8b465ee728b)  -> (artifact id: '57e11c542857f7040196778444b51f94') in 0.172874 seconds 
  Import took 0.202720 seconds .

========================================================================
Received Import Request.
  Time since last request: 0.000228 seconds.
  path: Assets/RandFabs/Set13.prefab
  artifactKey: Guid(61d19d60579abc442b427feaa9b913b3) Importer(815301076,1909f56bfc062723c751e8b465ee728b)
Start importing Assets/RandFabs/Set13.prefab using Guid(61d19d60579abc442b427feaa9b913b3) Importer(815301076,1909f56bfc062723c751e8b465ee728b)  -> (artifact id: '948de0b96d3ef9309c409e1173fce31d') in 0.179312 seconds 
  Import took 0.209010 seconds .

========================================================================
Received Import Request.
  Time since last request: 0.000188 seconds.
  path: Assets/RandFabs/Set11.prefab
  artifactKey: Guid(7c1b32818305e5a4fb56058856204bb2) Importer(815301076,1909f56bfc062723c751e8b465ee728b)
Start importing Assets/RandFabs/Set11.prefab using Guid(7c1b32818305e5a4fb56058856204bb2) Importer(815301076,1909f56bfc062723c751e8b465ee728b)  -> (artifact id: '618cefe5f4e15c720d691b567f5903eb') in 0.206822 seconds 
  Import took 0.241507 seconds .

========================================================================
Received Import Request.
  Time since last request: 0.000185 seconds.
  path: Assets/RandFabs/Set5.prefab
  artifactKey: Guid(3a4b553e5326ba54589a48fed2122fb5) Importer(815301076,1909f56bfc062723c751e8b465ee728b)
Start importing Assets/RandFabs/Set5.prefab using Guid(3a4b553e5326ba54589a48fed2122fb5) Importer(815301076,1909f56bfc062723c751e8b465ee728b)  -> (artifact id: 'ebb2c71efb5c5da91680dfce6d429df3') in 0.196725 seconds 
  Import took 0.231945 seconds .

========================================================================
Received Import Request.
  Time since last request: 0.000185 seconds.
  path: Assets/RandFabs/Gem.prefab
  artifactKey: Guid(156cf485b8f00ee4bb3e4fa6830430ff) Importer(815301076,1909f56bfc062723c751e8b465ee728b)
Start importing Assets/RandFabs/Gem.prefab using Guid(156cf485b8f00ee4bb3e4fa6830430ff) Importer(815301076,1909f56bfc062723c751e8b465ee728b)  -> (artifact id: '963e6b9fc583a7b3b5f1fa8675eb1ea9') in 0.017074 seconds 
  Import took 0.020651 seconds .

========================================================================
Received Import Request.
  Time since last request: 0.000232 seconds.
  path: Assets/RandFabs/Set4.prefab
  artifactKey: Guid(431ba468918f3c34d914381260244c3f) Importer(815301076,1909f56bfc062723c751e8b465ee728b)
Start importing Assets/RandFabs/Set4.prefab using Guid(431ba468918f3c34d914381260244c3f) Importer(815301076,1909f56bfc062723c751e8b465ee728b)  -> (artifact id: 'a3d644e829f9bef0db6fcb94ec91cdfd') in 0.204125 seconds 
  Import took 0.242579 seconds .

========================================================================
Received Import Request.
  Time since last request: 0.000201 seconds.
  path: Assets/RandFabs/Set6.prefab
  artifactKey: Guid(5c4122d1d49ca334da10212b7f2ded4b) Importer(815301076,1909f56bfc062723c751e8b465ee728b)
Start importing Assets/RandFabs/Set6.prefab using Guid(5c4122d1d49ca334da10212b7f2ded4b) Importer(815301076,1909f56bfc062723c751e8b465ee728b)  -> (artifact id: 'f896342ed05381e14af7ca64ab9ea4c7') in 0.197155 seconds 
  Import took 0.231448 seconds .

========================================================================
Received Import Request.
  Time since last request: 0.000183 seconds.
  path: Assets/RandFabs/Set8.prefab
  artifactKey: Guid(8b41aacecfe613048ae0ae2b3a815204) Importer(815301076,1909f56bfc062723c751e8b465ee728b)
Start importing Assets/RandFabs/Set8.prefab using Guid(8b41aacecfe613048ae0ae2b3a815204) Importer(815301076,1909f56bfc062723c751e8b465ee728b)  -> (artifact id: 'e8df19db6848e46f565099c5e082650b') in 0.181699 seconds 
  Import took 0.214809 seconds .

========================================================================
Received Import Request.
  Time since last request: 0.000214 seconds.
  path: Assets/RandFabs/Set2.prefab
  artifactKey: Guid(ae8da41105e7ede48923527d4a8378c7) Importer(815301076,1909f56bfc062723c751e8b465ee728b)
Start importing Assets/RandFabs/Set2.prefab using Guid(ae8da41105e7ede48923527d4a8378c7) Importer(815301076,1909f56bfc062723c751e8b465ee728b)  -> (artifact id: '08b38442a5e4aac74ac8f704c04553bc') in 0.199323 seconds 
  Import took 0.234274 seconds .

========================================================================
Received Import Request.
  Time since last request: 0.000196 seconds.
  path: Assets/RandFabs/Set9.prefab
  artifactKey: Guid(915c153fdc80a7a43a5f3d3b74311afc) Importer(815301076,1909f56bfc062723c751e8b465ee728b)
Start importing Assets/RandFabs/Set9.prefab using Guid(915c153fdc80a7a43a5f3d3b74311afc) Importer(815301076,1909f56bfc062723c751e8b465ee728b)  -> (artifact id: '4fcbe0c66bb523a8c1dd3cc6b69cbf49') in 0.206123 seconds 
  Import took 0.246947 seconds .

========================================================================
Received Import Request.
  Time since last request: 0.000217 seconds.
  path: Assets/RandFabs/Set1.prefab
  artifactKey: Guid(bb5c220be53cfca4b9eea7d69d8495bc) Importer(815301076,1909f56bfc062723c751e8b465ee728b)
Start importing Assets/RandFabs/Set1.prefab using Guid(bb5c220be53cfca4b9eea7d69d8495bc) Importer(815301076,1909f56bfc062723c751e8b465ee728b)  -> (artifact id: '7a525612de57fff3eba5d46ec1a0664d') in 0.206620 seconds 
  Import took 0.243761 seconds .

========================================================================
Received Import Request.
  Time since last request: 0.000235 seconds.
  path: Assets/RandFabs/Set7.prefab
  artifactKey: Guid(852bdf60207e46743bc970dee9062e56) Importer(815301076,1909f56bfc062723c751e8b465ee728b)
Start importing Assets/RandFabs/Set7.prefab using Guid(852bdf60207e46743bc970dee9062e56) Importer(815301076,1909f56bfc062723c751e8b465ee728b)  -> (artifact id: '127612db79a2c531f8a4c355bff983c9') in 0.186493 seconds 
  Import took 0.218476 seconds .

========================================================================
Received Prepare
Registering precompiled user dll's ...
Registered in 0.005146 seconds.
Begin MonoManager ReloadAssembly
Native extension for WindowsStandalone target not found
Refreshing native plugins compatible for Editor in 0.41 ms, found 2 plugins.
Preloading 0 native plugins for Editor in 0.00 ms.
Mono: successfully reloaded assembly
- Completed reload, in  1.048 seconds
Domain Reload Profiling:
	ReloadAssembly (1049ms)
		BeginReloadAssembly (118ms)
			ExecutionOrderSort (0ms)
			DisableScriptedObjects (5ms)
			BackupInstance (0ms)
			ReleaseScriptingObjects (0ms)
			CreateAndSetChildDomain (31ms)
		EndReloadAssembly (858ms)
			LoadAssemblies (96ms)
			RebuildTransferFunctionScriptingTraits (0ms)
			SetupTypeCache (310ms)
			ReleaseScriptCaches (1ms)
			RebuildScriptCaches (40ms)
			SetupLoadedEditorAssemblies (296ms)
				LogAssemblyErrors (0ms)
				InitializePlatformSupportModulesInManaged (6ms)
				SetLoadedEditorAssemblies (0ms)
				RefreshPlugins (0ms)
				BeforeProcessingInitializeOnLoad (59ms)
				ProcessInitializeOnLoadAttributes (212ms)
				ProcessInitializeOnLoadMethodAttributes (9ms)
				AfterProcessingInitializeOnLoad (9ms)
				EditorAssembliesLoaded (0ms)
			ExecutionOrderSort2 (0ms)
			AwakeInstancesAfterBackupRestoration (7ms)
Platform modules already initialized, skipping
Refreshing native plugins compatible for Editor in 0.40 ms, found 2 plugins.
Preloading 0 native plugins for Editor in 0.00 ms.
Unloading 1545 Unused Serialized files (Serialized files now loaded: 0)
System memory in use before: 102.8 MB.
System memory in use after: 102.9 MB.

Unloading 14 unused Assets to reduce memory usage. Loaded Objects now: 2059.
Total: 3.241900 ms (FindLiveObjects: 0.146500 ms CreateObjectMapping: 0.038800 ms MarkObjects: 3.036400 ms  DeleteObjects: 0.019000 ms)

AssetImportParameters requested are different than current active one (requested -> active):
  custom:framework-win-MediaFoundation: 216162199b28c13a410421893ffa2e32 -> 
  custom:video-decoder-ogg-theora: a1e56fd34408186e4bbccfd4996cb3dc -> 
  custom:container-muxer-webm: aa71ff27fc2769a1b78a27578f13a17b -> 
  custom:container-demuxer-webm: 4f35f7cbe854078d1ac9338744f61a02 -> 
  custom:container-demuxer-ogg: 62fdf1f143b41e24485cea50d1cbac27 -> 
  custom:video-encoder-webm-vp8: eb34c28f22e8b96e1ab97ce403110664 -> 
  custom:video-decoder-webm-vp8: 9c59270c3fd7afecdb556c50c9e8de78 -> 
  custom:audio-decoder-ogg-vorbis: bf7c407c2cedff20999df2af8eb42d56 -> 
  custom:audio-encoder-webm-vorbis: bf7c407c2cedff20999df2af8eb42d56 -> 
========================================================================
Received Import Request.
  Time since last request: 9.427148 seconds.
  path: Assets/RandFabs/Set3.prefab
  artifactKey: Guid(ad6febcd2ccf4da46894142c1be534cf) Importer(815301076,1909f56bfc062723c751e8b465ee728b)
Start importing Assets/RandFabs/Set3.prefab using Guid(ad6febcd2ccf4da46894142c1be534cf) Importer(815301076,1909f56bfc062723c751e8b465ee728b)  -> (artifact id: '99d939be597a475c8905d805f9204ac6') in 0.206309 seconds 
  Import took 0.231985 seconds .

========================================================================
Received Import Request.
  Time since last request: 0.000222 seconds.
  path: Assets/RandFabs/Set10.prefab
  artifactKey: Guid(3111722751b1fc846888a18008c40d4b) Importer(815301076,1909f56bfc062723c751e8b465ee728b)
Start importing Assets/RandFabs/Set10.prefab using Guid(3111722751b1fc846888a18008c40d4b) Importer(815301076,1909f56bfc062723c751e8b465ee728b)  -> (artifact id: 'e33d59c1ca21897e2953a9f0f6075c47') in 0.164631 seconds 
  Import took 0.190687 seconds .

========================================================================
Received Import Request.
  Time since last request: 0.000204 seconds.
  path: Assets/RandFabs/Set13.prefab
  artifactKey: Guid(61d19d60579abc442b427feaa9b913b3) Importer(815301076,1909f56bfc062723c751e8b465ee728b)
Start importing Assets/RandFabs/Set13.prefab using Guid(61d19d60579abc442b427feaa9b913b3) Importer(815301076,1909f56bfc062723c751e8b465ee728b)  -> (artifact id: '07471512eac1ef7a8dc6c825b58fa07d') in 0.182230 seconds 
  Import took 0.211466 seconds .

========================================================================
Received Import Request.
  Time since last request: 0.904767 seconds.
  path: Assets/RandFabs/Gem.prefab
  artifactKey: Guid(156cf485b8f00ee4bb3e4fa6830430ff) Importer(815301076,1909f56bfc062723c751e8b465ee728b)
Start importing Assets/RandFabs/Gem.prefab using Guid(156cf485b8f00ee4bb3e4fa6830430ff) Importer(815301076,1909f56bfc062723c751e8b465ee728b)  -> (artifact id: '6b25eebea41f10e829fb92de0f8c310b') in 0.015423 seconds 
  Import took 0.018115 seconds .

========================================================================
Received Import Request.
  Time since last request: 0.000262 seconds.
  path: Assets/RandFabs/Set3.prefab
  artifactKey: Guid(ad6febcd2ccf4da46894142c1be534cf) Importer(815301076,1909f56bfc062723c751e8b465ee728b)
Start importing Assets/RandFabs/Set3.prefab using Guid(ad6febcd2ccf4da46894142c1be534cf) Importer(815301076,1909f56bfc062723c751e8b465ee728b)  -> (artifact id: '068e076ec3e6f2e02e62bf1aa2d820d1') in 0.160001 seconds 
  Import took 0.186694 seconds .

========================================================================
Received Import Request.
  Time since last request: 0.000216 seconds.
  path: Assets/RandFabs/Set10.prefab
  artifactKey: Guid(3111722751b1fc846888a18008c40d4b) Importer(815301076,1909f56bfc062723c751e8b465ee728b)
Start importing Assets/RandFabs/Set10.prefab using Guid(3111722751b1fc846888a18008c40d4b) Importer(815301076,1909f56bfc062723c751e8b465ee728b)  -> (artifact id: 'febc286510737347385bf199cc1eb8d3') in 0.162454 seconds 
  Import took 0.198863 seconds .

========================================================================
Received Import Request.
  Time since last request: 0.000260 seconds.
  path: Assets/RandFabs/Set13.prefab
  artifactKey: Guid(61d19d60579abc442b427feaa9b913b3) Importer(815301076,1909f56bfc062723c751e8b465ee728b)
Start importing Assets/RandFabs/Set13.prefab using Guid(61d19d60579abc442b427feaa9b913b3) Importer(815301076,1909f56bfc062723c751e8b465ee728b)  -> (artifact id: 'a9bcc11e9a3b2c66ba761befef2eda16') in 0.179653 seconds 
  Import took 0.211667 seconds .

========================================================================
Received Import Request.
  Time since last request: 0.000233 seconds.
  path: Assets/RandFabs/Set11.prefab
  artifactKey: Guid(7c1b32818305e5a4fb56058856204bb2) Importer(815301076,1909f56bfc062723c751e8b465ee728b)
Start importing Assets/RandFabs/Set11.prefab using Guid(7c1b32818305e5a4fb56058856204bb2) Importer(815301076,1909f56bfc062723c751e8b465ee728b)  -> (artifact id: '82e59c91854dcc0d57c887147fa0fccc') in 0.188006 seconds 
  Import took 0.216654 seconds .

========================================================================
Received Import Request.
  Time since last request: 0.000229 seconds.
  path: Assets/RandFabs/Set5.prefab
  artifactKey: Guid(3a4b553e5326ba54589a48fed2122fb5) Importer(815301076,1909f56bfc062723c751e8b465ee728b)
Start importing Assets/RandFabs/Set5.prefab using Guid(3a4b553e5326ba54589a48fed2122fb5) Importer(815301076,1909f56bfc062723c751e8b465ee728b)  -> (artifact id: 'd2e0992bc7ba5eb6d3a830926ce8ee5f') in 0.164217 seconds 
  Import took 0.191002 seconds .

========================================================================
Received Import Request.
  Time since last request: 0.000246 seconds.
  path: Assets/RandFabs/Set4.prefab
  artifactKey: Guid(431ba468918f3c34d914381260244c3f) Importer(815301076,1909f56bfc062723c751e8b465ee728b)
Start importing Assets/RandFabs/Set4.prefab using Guid(431ba468918f3c34d914381260244c3f) Importer(815301076,1909f56bfc062723c751e8b465ee728b)  -> (artifact id: '6da7df91864227d267872971fafbe8eb') in 0.181100 seconds 
  Import took 0.210548 seconds .

========================================================================
Received Import Request.
  Time since last request: 0.000226 seconds.
  path: Assets/RandFabs/Set6.prefab
  artifactKey: Guid(5c4122d1d49ca334da10212b7f2ded4b) Importer(815301076,1909f56bfc062723c751e8b465ee728b)
Start importing Assets/RandFabs/Set6.prefab using Guid(5c4122d1d49ca334da10212b7f2ded4b) Importer(815301076,1909f56bfc062723c751e8b465ee728b)  -> (artifact id: 'c479f31d19f76f31b8700b05aa657ce3') in 0.162771 seconds 
  Import took 0.189792 seconds .

========================================================================
Received Import Request.
  Time since last request: 0.000244 seconds.
  path: Assets/RandFabs/Set8.prefab
  artifactKey: Guid(8b41aacecfe613048ae0ae2b3a815204) Importer(815301076,1909f56bfc062723c751e8b465ee728b)
Start importing Assets/RandFabs/Set8.prefab using Guid(8b41aacecfe613048ae0ae2b3a815204) Importer(815301076,1909f56bfc062723c751e8b465ee728b)  -> (artifact id: '36857cc59fd34750b849397b626ec8af') in 0.181332 seconds 
  Import took 0.214995 seconds .

========================================================================
Received Import Request.
  Time since last request: 0.000206 seconds.
  path: Assets/RandFabs/Set2.prefab
  artifactKey: Guid(ae8da41105e7ede48923527d4a8378c7) Importer(815301076,1909f56bfc062723c751e8b465ee728b)
Start importing Assets/RandFabs/Set2.prefab using Guid(ae8da41105e7ede48923527d4a8378c7) Importer(815301076,1909f56bfc062723c751e8b465ee728b)  -> (artifact id: 'ef4b5e63ed814b81f3bbf1a6ce8ac058') in 0.164973 seconds 
  Import took 0.195968 seconds .

========================================================================
Received Import Request.
  Time since last request: 0.000222 seconds.
  path: Assets/RandFabs/Set9.prefab
  artifactKey: Guid(915c153fdc80a7a43a5f3d3b74311afc) Importer(815301076,1909f56bfc062723c751e8b465ee728b)
Start importing Assets/RandFabs/Set9.prefab using Guid(915c153fdc80a7a43a5f3d3b74311afc) Importer(815301076,1909f56bfc062723c751e8b465ee728b)  -> (artifact id: 'ebca3d5bc515e329b731642ec9f36879') in 0.166852 seconds 
  Import took 0.193977 seconds .

========================================================================
Received Import Request.
  Time since last request: 0.000197 seconds.
  path: Assets/RandFabs/Set1.prefab
  artifactKey: Guid(bb5c220be53cfca4b9eea7d69d8495bc) Importer(815301076,1909f56bfc062723c751e8b465ee728b)
Start importing Assets/RandFabs/Set1.prefab using Guid(bb5c220be53cfca4b9eea7d69d8495bc) Importer(815301076,1909f56bfc062723c751e8b465ee728b)  -> (artifact id: '755ead0bc165a4d6dc8ff744375d3fb5') in 0.164407 seconds 
  Import took 0.191124 seconds .

========================================================================
Received Import Request.
  Time since last request: 0.000228 seconds.
  path: Assets/RandFabs/Set7.prefab
  artifactKey: Guid(852bdf60207e46743bc970dee9062e56) Importer(815301076,1909f56bfc062723c751e8b465ee728b)
Start importing Assets/RandFabs/Set7.prefab using Guid(852bdf60207e46743bc970dee9062e56) Importer(815301076,1909f56bfc062723c751e8b465ee728b)  -> (artifact id: '79f7cc283bea88a30a33907dc081d513') in 0.160292 seconds 
  Import took 0.191594 seconds .

========================================================================
Received Prepare
Registering precompiled user dll's ...
Registered in 0.005242 seconds.
Begin MonoManager ReloadAssembly
Native extension for WindowsStandalone target not found
Refreshing native plugins compatible for Editor in 0.41 ms, found 2 plugins.
Preloading 0 native plugins for Editor in 0.00 ms.
Mono: successfully reloaded assembly
- Completed reload, in  1.017 seconds
Domain Reload Profiling:
	ReloadAssembly (1017ms)
		BeginReloadAssembly (118ms)
			ExecutionOrderSort (0ms)
			DisableScriptedObjects (5ms)
			BackupInstance (0ms)
			ReleaseScriptingObjects (0ms)
			CreateAndSetChildDomain (31ms)
		EndReloadAssembly (826ms)
			LoadAssemblies (95ms)
			RebuildTransferFunctionScriptingTraits (0ms)
			SetupTypeCache (292ms)
			ReleaseScriptCaches (1ms)
			RebuildScriptCaches (43ms)
			SetupLoadedEditorAssemblies (292ms)
				LogAssemblyErrors (0ms)
				InitializePlatformSupportModulesInManaged (6ms)
				SetLoadedEditorAssemblies (1ms)
				RefreshPlugins (0ms)
				BeforeProcessingInitializeOnLoad (57ms)
				ProcessInitializeOnLoadAttributes (209ms)
				ProcessInitializeOnLoadMethodAttributes (9ms)
				AfterProcessingInitializeOnLoad (9ms)
				EditorAssembliesLoaded (0ms)
			ExecutionOrderSort2 (0ms)
			AwakeInstancesAfterBackupRestoration (8ms)
Platform modules already initialized, skipping
Refreshing native plugins compatible for Editor in 0.42 ms, found 2 plugins.
Preloading 0 native plugins for Editor in 0.00 ms.
Unloading 1545 Unused Serialized files (Serialized files now loaded: 0)
System memory in use before: 103.4 MB.
System memory in use after: 103.5 MB.

Unloading 14 unused Assets to reduce memory usage. Loaded Objects now: 2062.
Total: 3.331100 ms (FindLiveObjects: 0.180200 ms CreateObjectMapping: 0.040900 ms MarkObjects: 3.088900 ms  DeleteObjects: 0.019900 ms)

AssetImportParameters requested are different than current active one (requested -> active):
  custom:framework-win-MediaFoundation: 216162199b28c13a410421893ffa2e32 -> 
  custom:video-decoder-ogg-theora: a1e56fd34408186e4bbccfd4996cb3dc -> 
  custom:container-muxer-webm: aa71ff27fc2769a1b78a27578f13a17b -> 
  custom:container-demuxer-webm: 4f35f7cbe854078d1ac9338744f61a02 -> 
  custom:container-demuxer-ogg: 62fdf1f143b41e24485cea50d1cbac27 -> 
  custom:video-encoder-webm-vp8: eb34c28f22e8b96e1ab97ce403110664 -> 
  custom:video-decoder-webm-vp8: 9c59270c3fd7afecdb556c50c9e8de78 -> 
  custom:audio-decoder-ogg-vorbis: bf7c407c2cedff20999df2af8eb42d56 -> 
  custom:audio-encoder-webm-vorbis: bf7c407c2cedff20999df2af8eb42d56 -> 
========================================================================
Received Import Request.
  Time since last request: 59.475515 seconds.
  path: Assets/RandFabs/PortalPair.prefab
  artifactKey: Guid(5641a76712019a548ab6493c91b03d04) Importer(815301076,1909f56bfc062723c751e8b465ee728b)
Start importing Assets/RandFabs/PortalPair.prefab using Guid(5641a76712019a548ab6493c91b03d04) Importer(815301076,1909f56bfc062723c751e8b465ee728b)  -> (artifact id: '2afc6bcc14ee3776b15400585de39245') in 0.068005 seconds 
  Import took 0.071420 seconds .

========================================================================
Received Import Request.
  Time since last request: 0.000211 seconds.
  path: Assets/RandFabs/Set11.prefab
  artifactKey: Guid(7c1b32818305e5a4fb56058856204bb2) Importer(815301076,1909f56bfc062723c751e8b465ee728b)
Start importing Assets/RandFabs/Set11.prefab using Guid(7c1b32818305e5a4fb56058856204bb2) Importer(815301076,1909f56bfc062723c751e8b465ee728b)  -> (artifact id: 'ea0a02db6f2769aa9ef21de6e48a67a4') in 0.198465 seconds 
  Import took 0.225429 seconds .

========================================================================
Received Import Request.
  Time since last request: 0.000206 seconds.
  path: Assets/RandFabs/Set12.prefab
  artifactKey: Guid(eaa5e277c49d5084a90dc575749a04a2) Importer(815301076,1909f56bfc062723c751e8b465ee728b)
Start importing Assets/RandFabs/Set12.prefab using Guid(eaa5e277c49d5084a90dc575749a04a2) Importer(815301076,1909f56bfc062723c751e8b465ee728b)  -> (artifact id: '7cf3aa046733af40906d55da66959d52') in 0.158927 seconds 
  Import took 0.185640 seconds .

========================================================================
Received Import Request.
  Time since last request: 0.000194 seconds.
  path: Assets/RandFabs/Set13.prefab
  artifactKey: Guid(61d19d60579abc442b427feaa9b913b3) Importer(815301076,1909f56bfc062723c751e8b465ee728b)
Start importing Assets/RandFabs/Set13.prefab using Guid(61d19d60579abc442b427feaa9b913b3) Importer(815301076,1909f56bfc062723c751e8b465ee728b)  -> (artifact id: 'f947654b42221a6db96599d6de4a2a32') in 0.166800 seconds 
  Import took 0.193859 seconds .

========================================================================
Received Import Request.
  Time since last request: 57.150212 seconds.
  path: Assets/RandFabs/Set13.prefab
  artifactKey: Guid(61d19d60579abc442b427feaa9b913b3) Importer(815301076,1909f56bfc062723c751e8b465ee728b)
Start importing Assets/RandFabs/Set13.prefab using Guid(61d19d60579abc442b427feaa9b913b3) Importer(815301076,1909f56bfc062723c751e8b465ee728b)  -> (artifact id: '5cd8720c8a8987a3fe91717e16dc88b1') in 0.180664 seconds 
  Import took 0.211373 seconds .

========================================================================
Received Import Request.
  Time since last request: 2.695946 seconds.
  path: Assets/RandFabs/Set13.prefab
  artifactKey: Guid(61d19d60579abc442b427feaa9b913b3) Importer(815301076,1909f56bfc062723c751e8b465ee728b)
Start importing Assets/RandFabs/Set13.prefab using Guid(61d19d60579abc442b427feaa9b913b3) Importer(815301076,1909f56bfc062723c751e8b465ee728b)  -> (artifact id: '6980eb0cc5a52903fe2f1421080bc5f5') in 0.179379 seconds 
  Import took 0.211040 seconds .

========================================================================
Received Import Request.
  Time since last request: 4.493689 seconds.
  path: Assets/RandFabs/Set13.prefab
  artifactKey: Guid(61d19d60579abc442b427feaa9b913b3) Importer(815301076,1909f56bfc062723c751e8b465ee728b)
Start importing Assets/RandFabs/Set13.prefab using Guid(61d19d60579abc442b427feaa9b913b3) Importer(815301076,1909f56bfc062723c751e8b465ee728b)  -> (artifact id: '00521c2959fe3425d82445f7e07f0eeb') in 0.179405 seconds 
  Import took 0.207526 seconds .

========================================================================
Received Import Request.
  Time since last request: 1.764936 seconds.
  path: Assets/RandFabs/Set13.prefab
  artifactKey: Guid(61d19d60579abc442b427feaa9b913b3) Importer(815301076,1909f56bfc062723c751e8b465ee728b)
Start importing Assets/RandFabs/Set13.prefab using Guid(61d19d60579abc442b427feaa9b913b3) Importer(815301076,1909f56bfc062723c751e8b465ee728b)  -> (artifact id: 'a938489d054c933f0f66d1548c82c6c4') in 0.175594 seconds 
  Import took 0.202372 seconds .

========================================================================
Received Import Request.
  Time since last request: 5.153139 seconds.
  path: Assets/RandFabs/Set13.prefab
  artifactKey: Guid(61d19d60579abc442b427feaa9b913b3) Importer(815301076,1909f56bfc062723c751e8b465ee728b)
Start importing Assets/RandFabs/Set13.prefab using Guid(61d19d60579abc442b427feaa9b913b3) Importer(815301076,1909f56bfc062723c751e8b465ee728b)  -> (artifact id: '2d8f01b779e1d995eafc2d70427052c7') in 0.194206 seconds 
  Import took 0.223774 seconds .

========================================================================
Received Import Request.
  Time since last request: 2.753025 seconds.
  path: Assets/RandFabs/Set13.prefab
  artifactKey: Guid(61d19d60579abc442b427feaa9b913b3) Importer(815301076,1909f56bfc062723c751e8b465ee728b)
Start importing Assets/RandFabs/Set13.prefab using Guid(61d19d60579abc442b427feaa9b913b3) Importer(815301076,1909f56bfc062723c751e8b465ee728b)  -> (artifact id: '2558be76e90ccf6c03314c583d7cfc5a') in 0.179498 seconds 
  Import took 0.211090 seconds .

========================================================================
Received Import Request.
  Time since last request: 3.996116 seconds.
  path: Assets/RandFabs/Set13.prefab
  artifactKey: Guid(61d19d60579abc442b427feaa9b913b3) Importer(815301076,1909f56bfc062723c751e8b465ee728b)
Start importing Assets/RandFabs/Set13.prefab using Guid(61d19d60579abc442b427feaa9b913b3) Importer(815301076,1909f56bfc062723c751e8b465ee728b)  -> (artifact id: 'efd7bbf3a961f4cbf5f42d43aa5d02cc') in 0.181290 seconds 
  Import took 0.210677 seconds .

========================================================================
Received Import Request.
  Time since last request: 2.216954 seconds.
  path: Assets/RandFabs/Set13.prefab
  artifactKey: Guid(61d19d60579abc442b427feaa9b913b3) Importer(815301076,1909f56bfc062723c751e8b465ee728b)
Start importing Assets/RandFabs/Set13.prefab using Guid(61d19d60579abc442b427feaa9b913b3) Importer(815301076,1909f56bfc062723c751e8b465ee728b)  -> (artifact id: '179344fa4e2839f663d816363614389b') in 0.173896 seconds 
  Import took 0.202664 seconds .

========================================================================
Received Import Request.
  Time since last request: 4.124294 seconds.
  path: Assets/RandFabs/Set13.prefab
  artifactKey: Guid(61d19d60579abc442b427feaa9b913b3) Importer(815301076,1909f56bfc062723c751e8b465ee728b)
Start importing Assets/RandFabs/Set13.prefab using Guid(61d19d60579abc442b427feaa9b913b3) Importer(815301076,1909f56bfc062723c751e8b465ee728b)  -> (artifact id: '6eeea3bfceb57377a0cc4bd78c2cc2da') in 0.190523 seconds 
  Import took 0.218539 seconds .

========================================================================
Received Import Request.
  Time since last request: 2.136703 seconds.
  path: Assets/RandFabs/Set13.prefab
  artifactKey: Guid(61d19d60579abc442b427feaa9b913b3) Importer(815301076,1909f56bfc062723c751e8b465ee728b)
Start importing Assets/RandFabs/Set13.prefab using Guid(61d19d60579abc442b427feaa9b913b3) Importer(815301076,1909f56bfc062723c751e8b465ee728b)  -> (artifact id: '6e2d11be6c931152337fb10dd3573b6a') in 0.172222 seconds 
  Import took 0.200268 seconds .

========================================================================
Received Prepare
Registering precompiled user dll's ...
Registered in 0.005373 seconds.
Begin MonoManager ReloadAssembly
Native extension for WindowsStandalone target not found
Refreshing native plugins compatible for Editor in 0.42 ms, found 2 plugins.
Preloading 0 native plugins for Editor in 0.00 ms.
Mono: successfully reloaded assembly
- Completed reload, in  1.032 seconds
Domain Reload Profiling:
	ReloadAssembly (1033ms)
		BeginReloadAssembly (117ms)
			ExecutionOrderSort (0ms)
			DisableScriptedObjects (5ms)
			BackupInstance (0ms)
			ReleaseScriptingObjects (0ms)
			CreateAndSetChildDomain (31ms)
		EndReloadAssembly (843ms)
			LoadAssemblies (93ms)
			RebuildTransferFunctionScriptingTraits (0ms)
			SetupTypeCache (301ms)
			ReleaseScriptCaches (1ms)
			RebuildScriptCaches (39ms)
			SetupLoadedEditorAssemblies (297ms)
				LogAssemblyErrors (0ms)
				InitializePlatformSupportModulesInManaged (5ms)
				SetLoadedEditorAssemblies (0ms)
				RefreshPlugins (0ms)
				BeforeProcessingInitializeOnLoad (58ms)
				ProcessInitializeOnLoadAttributes (214ms)
				ProcessInitializeOnLoadMethodAttributes (10ms)
				AfterProcessingInitializeOnLoad (9ms)
				EditorAssembliesLoaded (0ms)
			ExecutionOrderSort2 (0ms)
			AwakeInstancesAfterBackupRestoration (8ms)
Platform modules already initialized, skipping
Refreshing native plugins compatible for Editor in 0.40 ms, found 2 plugins.
Preloading 0 native plugins for Editor in 0.00 ms.
Unloading 1545 Unused Serialized files (Serialized files now loaded: 0)
System memory in use before: 104.4 MB.
System memory in use after: 104.5 MB.

Unloading 14 unused Assets to reduce memory usage. Loaded Objects now: 2065.
Total: 2.944600 ms (FindLiveObjects: 0.166300 ms CreateObjectMapping: 0.037600 ms MarkObjects: 2.722700 ms  DeleteObjects: 0.016800 ms)

AssetImportParameters requested are different than current active one (requested -> active):
  custom:framework-win-MediaFoundation: 216162199b28c13a410421893ffa2e32 -> 
  custom:video-decoder-ogg-theora: a1e56fd34408186e4bbccfd4996cb3dc -> 
  custom:container-muxer-webm: aa71ff27fc2769a1b78a27578f13a17b -> 
  custom:container-demuxer-webm: 4f35f7cbe854078d1ac9338744f61a02 -> 
  custom:container-demuxer-ogg: 62fdf1f143b41e24485cea50d1cbac27 -> 
  custom:video-encoder-webm-vp8: eb34c28f22e8b96e1ab97ce403110664 -> 
  custom:video-decoder-webm-vp8: 9c59270c3fd7afecdb556c50c9e8de78 -> 
  custom:audio-decoder-ogg-vorbis: bf7c407c2cedff20999df2af8eb42d56 -> 
  custom:audio-encoder-webm-vorbis: bf7c407c2cedff20999df2af8eb42d56 -> 
========================================================================
Received Prepare
Refreshing native plugins compatible for Editor in 3.97 ms, found 2 plugins.
Preloading 0 native plugins for Editor in 0.00 ms.
Unloading 12 Unused Serialized files (Serialized files now loaded: 0)
System memory in use before: 74.1 MB.
System memory in use after: 74.2 MB.

Unloading 12 unused Assets to reduce memory usage. Loaded Objects now: 2065.
Total: 3.042500 ms (FindLiveObjects: 0.161300 ms CreateObjectMapping: 0.037300 ms MarkObjects: 2.826900 ms  DeleteObjects: 0.016000 ms)

AssetImportParameters requested are different than current active one (requested -> active):
  custom:framework-win-MediaFoundation: 216162199b28c13a410421893ffa2e32 -> 
  custom:video-decoder-ogg-theora: a1e56fd34408186e4bbccfd4996cb3dc -> 
  custom:container-muxer-webm: aa71ff27fc2769a1b78a27578f13a17b -> 
  custom:container-demuxer-webm: 4f35f7cbe854078d1ac9338744f61a02 -> 
  custom:container-demuxer-ogg: 62fdf1f143b41e24485cea50d1cbac27 -> 
  custom:video-encoder-webm-vp8: eb34c28f22e8b96e1ab97ce403110664 -> 
  custom:video-decoder-webm-vp8: 9c59270c3fd7afecdb556c50c9e8de78 -> 
  custom:audio-decoder-ogg-vorbis: bf7c407c2cedff20999df2af8eb42d56 -> 
  custom:audio-encoder-webm-vorbis: bf7c407c2cedff20999df2af8eb42d56 -> 
========================================================================
Received Import Request.
  Time since last request: 351.049920 seconds.
  path: Assets/Scripts/TextCrawler.cs
  artifactKey: Guid(db99a1e75d5e7bc449a3167aedd32615) Importer(815301076,1909f56bfc062723c751e8b465ee728b)
Start importing Assets/Scripts/TextCrawler.cs using Guid(db99a1e75d5e7bc449a3167aedd32615) Importer(815301076,1909f56bfc062723c751e8b465ee728b)  -> (artifact id: '309035c3ae179e3d3e3d9c3a8b549619') in 0.003851 seconds 
  Import took 0.006728 seconds .

========================================================================
Received Prepare
Registering precompiled user dll's ...
Registered in 0.005829 seconds.
Begin MonoManager ReloadAssembly
Native extension for WindowsStandalone target not found
Refreshing native plugins compatible for Editor in 0.40 ms, found 2 plugins.
Preloading 0 native plugins for Editor in 0.00 ms.
Mono: successfully reloaded assembly
- Completed reload, in  1.030 seconds
Domain Reload Profiling:
	ReloadAssembly (1031ms)
		BeginReloadAssembly (114ms)
			ExecutionOrderSort (0ms)
			DisableScriptedObjects (5ms)
			BackupInstance (0ms)
			ReleaseScriptingObjects (0ms)
			CreateAndSetChildDomain (30ms)
		EndReloadAssembly (839ms)
			LoadAssemblies (93ms)
			RebuildTransferFunctionScriptingTraits (0ms)
			SetupTypeCache (296ms)
			ReleaseScriptCaches (1ms)
			RebuildScriptCaches (41ms)
			SetupLoadedEditorAssemblies (299ms)
				LogAssemblyErrors (0ms)
				InitializePlatformSupportModulesInManaged (5ms)
				SetLoadedEditorAssemblies (0ms)
				RefreshPlugins (0ms)
				BeforeProcessingInitializeOnLoad (57ms)
				ProcessInitializeOnLoadAttributes (216ms)
				ProcessInitializeOnLoadMethodAttributes (10ms)
				AfterProcessingInitializeOnLoad (9ms)
				EditorAssembliesLoaded (0ms)
			ExecutionOrderSort2 (0ms)
			AwakeInstancesAfterBackupRestoration (7ms)
Platform modules already initialized, skipping
Refreshing native plugins compatible for Editor in 0.40 ms, found 2 plugins.
Preloading 0 native plugins for Editor in 0.00 ms.
Unloading 1545 Unused Serialized files (Serialized files now loaded: 0)
System memory in use before: 104.5 MB.
System memory in use after: 104.6 MB.

Unloading 14 unused Assets to reduce memory usage. Loaded Objects now: 2067.
Total: 3.410100 ms (FindLiveObjects: 0.151100 ms CreateObjectMapping: 0.039000 ms MarkObjects: 3.193000 ms  DeleteObjects: 0.025500 ms)

AssetImportParameters requested are different than current active one (requested -> active):
  custom:framework-win-MediaFoundation: 216162199b28c13a410421893ffa2e32 -> 
  custom:video-decoder-ogg-theora: a1e56fd34408186e4bbccfd4996cb3dc -> 
  custom:container-muxer-webm: aa71ff27fc2769a1b78a27578f13a17b -> 
  custom:container-demuxer-webm: 4f35f7cbe854078d1ac9338744f61a02 -> 
  custom:container-demuxer-ogg: 62fdf1f143b41e24485cea50d1cbac27 -> 
  custom:video-encoder-webm-vp8: eb34c28f22e8b96e1ab97ce403110664 -> 
  custom:video-decoder-webm-vp8: 9c59270c3fd7afecdb556c50c9e8de78 -> 
  custom:audio-decoder-ogg-vorbis: bf7c407c2cedff20999df2af8eb42d56 -> 
  custom:audio-encoder-webm-vorbis: bf7c407c2cedff20999df2af8eb42d56 -> 
========================================================================
Received Prepare
Refreshing native plugins compatible for Editor in 4.45 ms, found 2 plugins.
Preloading 0 native plugins for Editor in 0.00 ms.
Unloading 12 Unused Serialized files (Serialized files now loaded: 0)
System memory in use before: 74.1 MB.
System memory in use after: 74.2 MB.

Unloading 12 unused Assets to reduce memory usage. Loaded Objects now: 2067.
Total: 3.308900 ms (FindLiveObjects: 0.209000 ms CreateObjectMapping: 0.047600 ms MarkObjects: 3.034000 ms  DeleteObjects: 0.017300 ms)

AssetImportParameters requested are different than current active one (requested -> active):
  custom:framework-win-MediaFoundation: 216162199b28c13a410421893ffa2e32 -> 
  custom:video-decoder-ogg-theora: a1e56fd34408186e4bbccfd4996cb3dc -> 
  custom:container-muxer-webm: aa71ff27fc2769a1b78a27578f13a17b -> 
  custom:container-demuxer-webm: 4f35f7cbe854078d1ac9338744f61a02 -> 
  custom:container-demuxer-ogg: 62fdf1f143b41e24485cea50d1cbac27 -> 
  custom:video-encoder-webm-vp8: eb34c28f22e8b96e1ab97ce403110664 -> 
  custom:video-decoder-webm-vp8: 9c59270c3fd7afecdb556c50c9e8de78 -> 
  custom:audio-decoder-ogg-vorbis: bf7c407c2cedff20999df2af8eb42d56 -> 
  custom:audio-encoder-webm-vorbis: bf7c407c2cedff20999df2af8eb42d56 -> 
AssetImportWorkerClient::OnTransportError - code=2 error=End of file
